\BOOKMARK [1][-]{section.1}{Introduction}{}% 1
\BOOKMARK [1][-]{section.2}{Benchmark Datasets}{}% 2
\BOOKMARK [2][-]{subsection.2.1}{Max Planck Institute datasets}{section.2}% 3
\BOOKMARK [3][-]{subsubsection.2.1.1}{Clothing}{subsection.2.1}% 4
\BOOKMARK [3][-]{subsubsection.2.1.2}{Full-body}{subsection.2.1}% 5
\BOOKMARK [3][-]{subsubsection.2.1.3}{Hand scans}{subsection.2.1}% 6
\BOOKMARK [3][-]{subsubsection.2.1.4}{synthetic data}{subsection.2.1}% 7
\BOOKMARK [3][-]{subsubsection.2.1.5}{Generalization of datasets}{subsection.2.1}% 8
\BOOKMARK [2][-]{subsection.2.2}{COCO dataset}{section.2}% 9
\BOOKMARK [2][-]{subsection.2.3}{Caesar dataset}{section.2}% 10
\BOOKMARK [1][-]{section.3}{Benchmark metrics}{}% 11
\BOOKMARK [2][-]{subsection.3.1}{Percentage of Correct Parts PCP}{section.3}% 12
\BOOKMARK [2][-]{subsection.3.2}{Percentage of Detected Joints PDJ}{section.3}% 13
\BOOKMARK [2][-]{subsection.3.3}{Percentage of Correct Key-points PCK}{section.3}% 14
\BOOKMARK [2][-]{subsection.3.4}{Head-normalized Probability of Correct Key-points PCKh}{section.3}% 15
\BOOKMARK [2][-]{subsection.3.5}{Object Key-point Similarity OKS}{section.3}% 16
\BOOKMARK [2][-]{subsection.3.6}{Mean Per Joint Position Error \(MPJPE\)}{section.3}% 17
\BOOKMARK [1][-]{section.4}{models in human estimation}{}% 18
\BOOKMARK [2][-]{subsection.4.1}{Skinned Multi-Person Linear model SMPL}{section.4}% 19
\BOOKMARK [1][-]{section.5}{2D pose estimation}{}% 20
\BOOKMARK [2][-]{subsection.5.1}{Top-Down Framework}{section.5}% 21
\BOOKMARK [3][-]{subsubsection.5.1.1}{Regression-based methods}{subsection.5.1}% 22
\BOOKMARK [3][-]{subsubsection.5.1.2}{Heatmap-based Methods}{subsection.5.1}% 23
\BOOKMARK [2][-]{subsection.5.2}{Bottom-Up Framework}{section.5}% 24
\BOOKMARK [3][-]{subsubsection.5.2.1}{Human Center Regression}{subsection.5.2}% 25
\BOOKMARK [3][-]{subsubsection.5.2.2}{Part Field}{subsection.5.2}% 26
\BOOKMARK [3][-]{subsubsection.5.2.3}{Associate Embedding}{subsection.5.2}% 27
\BOOKMARK [2][-]{subsection.5.3}{2D Human Pose Estimation Summary}{section.5}% 28
\BOOKMARK [1][-]{section.6}{3D pose estimation}{}% 29
\BOOKMARK [2][-]{subsection.6.1}{Lifting from 2D to 3D pose}{section.6}% 30
\BOOKMARK [3][-]{subsubsection.6.1.1}{A simple yet effective baseline for 3d human pose estimation}{subsection.6.1}% 31
\BOOKMARK [3][-]{subsubsection.6.1.2}{SVMAC: Unsupervised 3D Human Pose Estimation from a Single Image with Single-view-multi-angle Consistency}{subsection.6.1}% 32
\BOOKMARK [2][-]{subsection.6.2}{3d pose directly from 2d image}{section.6}% 33
\BOOKMARK [3][-]{subsubsection.6.2.1}{2D/3D Pose Estimation and Action Recognition using Multitask Deep Learning}{subsection.6.2}% 34
\BOOKMARK [3][-]{subsubsection.6.2.2}{Structured Prediction of 3D Human Pose with Deep Neural Networks}{subsection.6.2}% 35
\BOOKMARK [2][-]{subsection.6.3}{Direct 3d pose estimation}{section.6}% 36
\BOOKMARK [2][-]{subsection.6.4}{use of models in pose estimation}{section.6}% 37
\BOOKMARK [3][-]{figure.5}{hand estimation}{subsection.6.4}% 38
\BOOKMARK [3][-]{figure.6}{full-body pose estimation}{subsection.6.4}% 39
\BOOKMARK [3][-]{subsubsection.6.4.3}{face estimation}{subsection.6.4}% 40
\BOOKMARK [1][-]{section.7}{conclusion}{}% 41
\BOOKMARK [1][-]{section*.4}{References}{}% 42
